<?xml version="1.0" encoding="UTF-8"?>
<testng-results skipped="0" failed="0" total="0" passed="0">
  <reporter-output>
  </reporter-output>
  <suite name="Default suite" duration-ms="18" started-at="2019-12-02T00:54:46Z" finished-at="2019-12-02T00:54:46Z">
    <groups>
    </groups>
    <test name="Default test" duration-ms="18" started-at="2019-12-02T00:54:46Z" finished-at="2019-12-02T00:54:46Z">
      <class name="com.offline.TestAnnotations">
        <test-method status="PASS" signature="testBeforeSuite()[pri:0, instance:com.offline.TestAnnotations@2acf57e3]" name="testBeforeSuite" is-config="true" duration-ms="17" started-at="2019-12-02T06:24:46Z" finished-at="2019-12-02T06:24:46Z">
          <reporter-output>
          </reporter-output>
        </test-method> <!-- testBeforeSuite -->
        <test-method status="PASS" signature="testBeforeTest()[pri:0, instance:com.offline.TestAnnotations@2acf57e3]" name="testBeforeTest" is-config="true" duration-ms="1" started-at="2019-12-02T06:24:46Z" finished-at="2019-12-02T06:24:46Z">
          <reporter-output>
          </reporter-output>
        </test-method> <!-- testBeforeTest -->
      </class> <!-- com.offline.TestAnnotations -->
    </test> <!-- Default test -->
  </suite> <!-- Default suite -->
</testng-results>
